Using pre-set license
Built from '2020.3/staging' branch; Version is '2020.3.18f1 (a7d1c678663c) revision 10998214'; Using compiler version '192528614'; Build Type 'Release'
OS: 'Windows 10 Pro; OS build 17763.737; Version 1809; 64bit' Language: 'zh' Physical Memory: 16250 MB
BatchMode: 1, IsHumanControllingUs: 0, StartBugReporterOnCrash: 0, Is64bit: 1, IsPro: 0

COMMAND LINE ARGUMENTS:
C:\Program Files\Unity\Hub\Editor\2020.3.18f1\Editor\Unity.exe
-adb2
-batchMode
-noUpm
-name
AssetImportWorker0
-projectPath
C:/Users/Appedu/Desktop/0919_2D/New Unity Project
-logFile
Logs/AssetImportWorker0.log
-srvPort
60662
Successfully changed project path to: C:/Users/Appedu/Desktop/0919_2D/New Unity Project
C:/Users/Appedu/Desktop/0919_2D/New Unity Project
Using Asset Import Pipeline V2.
Refreshing native plugins compatible for Editor in 59.22 ms, found 3 plugins.
Preloading 0 native plugins for Editor in 0.00 ms.
Initialize engine version: 2020.3.18f1 (a7d1c678663c)
[Subsystems] Discovering subsystems at path C:/Program Files/Unity/Hub/Editor/2020.3.18f1/Editor/Data/Resources/UnitySubsystems
[Subsystems] Discovering subsystems at path C:/Users/Appedu/Desktop/0919_2D/New Unity Project/Assets
GfxDevice: creating device client; threaded=0
Direct3D:
    Version:  Direct3D 11.0 [level 11.1]
    Renderer: NVIDIA Quadro P600 (ID=0x1cb2)
    Vendor:   
    VRAM:     1981 MB
    Driver:   27.21.14.5239
Initialize mono
Mono path[0] = 'C:/Program Files/Unity/Hub/Editor/2020.3.18f1/Editor/Data/Managed'
Mono path[1] = 'C:/Program Files/Unity/Hub/Editor/2020.3.18f1/Editor/Data/MonoBleedingEdge/lib/mono/unityjit'
Mono config path = 'C:/Program Files/Unity/Hub/Editor/2020.3.18f1/Editor/Data/MonoBleedingEdge/etc'
Using monoOptions --debugger-agent=transport=dt_socket,embedding=1,server=y,suspend=n,address=127.0.0.1:56520
Begin MonoManager ReloadAssembly
Registering precompiled unity dll's ...
Register platform support module: C:/Program Files/Unity/Hub/Editor/2020.3.18f1/Editor/Data/PlaybackEngines/WebGLSupport/UnityEditor.WebGL.Extensions.dll
Register platform support module: C:/Program Files/Unity/Hub/Editor/2020.3.18f1/Editor/Data/PlaybackEngines/WindowsStandaloneSupport/UnityEditor.WindowsStandalone.Extensions.dll
Registered in 0.001663 seconds.
Native extension for WindowsStandalone target not found
Native extension for WebGL target not found
Refreshing native plugins compatible for Editor in 73.41 ms, found 3 plugins.
Preloading 0 native plugins for Editor in 0.00 ms.
Mono: successfully reloaded assembly
- Completed reload, in  2.173 seconds
Domain Reload Profiling:
	ReloadAssembly (2173ms)
		BeginReloadAssembly (56ms)
			ExecutionOrderSort (0ms)
			DisableScriptedObjects (0ms)
			BackupInstance (0ms)
			ReleaseScriptingObjects (0ms)
			CreateAndSetChildDomain (1ms)
		EndReloadAssembly (552ms)
			LoadAssemblies (55ms)
			RebuildTransferFunctionScriptingTraits (0ms)
			SetupTypeCache (179ms)
			ReleaseScriptCaches (0ms)
			RebuildScriptCaches (44ms)
			SetupLoadedEditorAssemblies (248ms)
				LogAssemblyErrors (0ms)
				InitializePlatformSupportModulesInManaged (6ms)
				SetLoadedEditorAssemblies (0ms)
				RefreshPlugins (73ms)
				BeforeProcessingInitializeOnLoad (22ms)
				ProcessInitializeOnLoadAttributes (109ms)
				ProcessInitializeOnLoadMethodAttributes (36ms)
				AfterProcessingInitializeOnLoad (0ms)
				EditorAssembliesLoaded (0ms)
			ExecutionOrderSort2 (0ms)
			AwakeInstancesAfterBackupRestoration (0ms)
Platform modules already initialized, skipping
Registering precompiled user dll's ...
Registered in 0.002501 seconds.
Begin MonoManager ReloadAssembly
Native extension for WindowsStandalone target not found
Native extension for WebGL target not found
Refreshing native plugins compatible for Editor in 62.98 ms, found 3 plugins.
Preloading 0 native plugins for Editor in 0.00 ms.
Mono: successfully reloaded assembly
- Completed reload, in  1.312 seconds
Domain Reload Profiling:
	ReloadAssembly (1312ms)
		BeginReloadAssembly (165ms)
			ExecutionOrderSort (0ms)
			DisableScriptedObjects (5ms)
			BackupInstance (0ms)
			ReleaseScriptingObjects (0ms)
			CreateAndSetChildDomain (18ms)
		EndReloadAssembly (1079ms)
			LoadAssemblies (102ms)
			RebuildTransferFunctionScriptingTraits (0ms)
			SetupTypeCache (330ms)
			ReleaseScriptCaches (0ms)
			RebuildScriptCaches (56ms)
			SetupLoadedEditorAssemblies (445ms)
				LogAssemblyErrors (0ms)
				InitializePlatformSupportModulesInManaged (5ms)
				SetLoadedEditorAssemblies (0ms)
				RefreshPlugins (63ms)
				BeforeProcessingInitializeOnLoad (109ms)
				ProcessInitializeOnLoadAttributes (248ms)
				ProcessInitializeOnLoadMethodAttributes (13ms)
				AfterProcessingInitializeOnLoad (5ms)
				EditorAssembliesLoaded (0ms)
			ExecutionOrderSort2 (0ms)
			AwakeInstancesAfterBackupRestoration (8ms)
Platform modules already initialized, skipping
========================================================================
Worker process is ready to serve import requests
Launched and connected shader compiler UnityShaderCompiler.exe after 0.04 seconds
Refreshing native plugins compatible for Editor in 0.45 ms, found 3 plugins.
Preloading 0 native plugins for Editor in 0.00 ms.
Unloading 2092 Unused Serialized files (Serialized files now loaded: 0)
System memory in use before: 93.1 MB.
System memory in use after: 93.1 MB.

Unloading 26 unused Assets to reduce memory usage. Loaded Objects now: 2531.
Total: 3.771600 ms (FindLiveObjects: 0.183400 ms CreateObjectMapping: 0.076100 ms MarkObjects: 3.422200 ms  DeleteObjects: 0.088900 ms)

AssetImportParameters requested are different than current active one (requested -> active):
  custom:framework-win-MediaFoundation: 216162199b28c13a410421893ffa2e32 -> 
  custom:video-decoder-ogg-theora: a1e56fd34408186e4bbccfd4996cb3dc -> 
  custom:container-muxer-webm: aa71ff27fc2769a1b78a27578f13a17b -> 
  custom:container-demuxer-webm: 4f35f7cbe854078d1ac9338744f61a02 -> 
  custom:container-demuxer-ogg: 62fdf1f143b41e24485cea50d1cbac27 -> 
  custom:video-encoder-webm-vp8: eb34c28f22e8b96e1ab97ce403110664 -> 
  custom:video-decoder-webm-vp8: 9c59270c3fd7afecdb556c50c9e8de78 -> 
  custom:audio-decoder-ogg-vorbis: bf7c407c2cedff20999df2af8eb42d56 -> 
  custom:audio-encoder-webm-vorbis: bf7c407c2cedff20999df2af8eb42d56 -> 
========================================================================
Received Import Request.
  path: Assets/LOGO.png
  artifactKey: Guid(ea04421a715582a429b33aafcf7653cf) Importer(815301076,1909f56bfc062723c751e8b465ee728b)
Start importing Assets/LOGO.png using Guid(ea04421a715582a429b33aafcf7653cf) Importer(815301076,1909f56bfc062723c751e8b465ee728b)  -> (artifact id: 'bc9fc1ae7eb35d9b767c33589d371f17') in 0.171278 seconds 
  Import took 0.174193 seconds .

========================================================================
Received Import Request.
  Time since last request: 126.176192 seconds.
  path: Assets/Scenes
  artifactKey: Guid(6edc8c98ece34944fbd00e84ae9de244) Importer(815301076,1909f56bfc062723c751e8b465ee728b)
Start importing Assets/Scenes using Guid(6edc8c98ece34944fbd00e84ae9de244) Importer(815301076,1909f56bfc062723c751e8b465ee728b)  -> (artifact id: 'd8f3f649823cc11c075579d6d6bc009e') in 0.001419 seconds 
  Import took 0.005083 seconds .

========================================================================
Received Import Request.
  Time since last request: 0.011846 seconds.
  path: Assets/Scenes
  artifactKey: Guid(6edc8c98ece34944fbd00e84ae9de244) Importer(815301076,1909f56bfc062723c751e8b465ee728b)
Start importing Assets/Scenes using Guid(6edc8c98ece34944fbd00e84ae9de244) Importer(815301076,1909f56bfc062723c751e8b465ee728b)  -> (artifact id: 'd8f3f649823cc11c075579d6d6bc009e') in 0.001239 seconds 
  Import took 0.004903 seconds .

========================================================================
Received Import Request.
  Time since last request: 1.209532 seconds.
  path: Assets/Scenes/遊戲畫面.unity
  artifactKey: Guid(1a8e57b53c885fb4bbea7aeaeaa3f33e) Importer(815301076,1909f56bfc062723c751e8b465ee728b)
Start importing Assets/Scenes/遊戲畫面.unity using Guid(1a8e57b53c885fb4bbea7aeaeaa3f33e) Importer(815301076,1909f56bfc062723c751e8b465ee728b)  -> (artifact id: '2b6ece8b31d5e4e35d0031c632ef316c') in 0.001944 seconds 
  Import took 0.005434 seconds .

========================================================================
Received Import Request.
  Time since last request: 646.705320 seconds.
  path: Assets/Script
  artifactKey: Guid(05387ee7ec496b8488984324c8188ea5) Importer(815301076,1909f56bfc062723c751e8b465ee728b)
Start importing Assets/Script using Guid(05387ee7ec496b8488984324c8188ea5) Importer(815301076,1909f56bfc062723c751e8b465ee728b)  -> (artifact id: '7d428835cc32e00ffb6bec53b91c59e8') in 0.002273 seconds 
  Import took 0.007920 seconds .

========================================================================
Received Import Request.
  Time since last request: 1.102328 seconds.
  path: Assets/Script/Test.cs
  artifactKey: Guid(35901031485787842968e265f7888df3) Importer(815301076,1909f56bfc062723c751e8b465ee728b)
Start importing Assets/Script/Test.cs using Guid(35901031485787842968e265f7888df3) Importer(815301076,1909f56bfc062723c751e8b465ee728b)  -> (artifact id: '52b5682fc2fd2f9dadba82b4da364ae7') in 0.010549 seconds 
  Import took 0.013366 seconds .

========================================================================
Received Import Request.
  Time since last request: 0.018079 seconds.
  path: Assets/Script/Test.cs
  artifactKey: Guid(35901031485787842968e265f7888df3) Importer(815301076,1909f56bfc062723c751e8b465ee728b)
Start importing Assets/Script/Test.cs using Guid(35901031485787842968e265f7888df3) Importer(815301076,1909f56bfc062723c751e8b465ee728b)  -> (artifact id: '52b5682fc2fd2f9dadba82b4da364ae7') in 0.001856 seconds 
  Import took 0.005112 seconds .

AssetImportWorkerClient::OnTransportError - code=2 error=End of file
